<?xml version="1.0" encoding="UTF-8"?>
<!-- Generated by org.testng.reporters.JUnitReportReporter -->
<testsuite skipped="0" hostname="LAPTOP-70II5R9C" name="sampleGitTest.SampleGitTest" tests="1" failures="0" timestamp="28 Jun 2021 16:31:20 GMT" time="6.701" errors="0">
  <testcase name="loginTest" time="6.701" classname="sampleGitTest.SampleGitTest"/>
</testsuite> <!-- sampleGitTest.SampleGitTest -->
