<?xml version="1.0" encoding="UTF-8"?>
<!-- Generated by org.testng.reporters.JUnitReportReporter -->
<testsuite skipped="0" hostname="LAPTOP-70II5R9C" name="sampleGitTest.SampleGitTest2" tests="1" failures="0" timestamp="17 Mar 2019 12:35:26 GMT" time="8.643" errors="0">
  <testcase name="loginTest" time="8.643" classname="sampleGitTest.SampleGitTest2"/>
</testsuite> <!-- sampleGitTest.SampleGitTest2 -->
