<?xml version="1.0" encoding="UTF-8"?>
<!-- Generated by org.testng.reporters.JUnitReportReporter -->
<testsuite name="sampleGitTest.SampleGitTest" tests="1" time="40.529" ignored="0" failures="0" timestamp="28 Jun 2021 08:08:12 GMT" skipped="0" hostname="LAPTOP-70II5R9C" errors="0">
  <testcase name="loginTest" time="40.529" classname="sampleGitTest.SampleGitTest"/>
</testsuite> <!-- sampleGitTest.SampleGitTest -->
