<?xml version="1.0" encoding="UTF-8"?>
<!-- Generated by org.testng.reporters.JUnitReportReporter -->
<testsuite name="sampleGitTest.SampleGitTest2" tests="1" time="30.464" ignored="0" failures="0" timestamp="28 Jun 2021 08:08:12 GMT" skipped="0" hostname="LAPTOP-70II5R9C" errors="0">
  <testcase name="loginTest" time="30.464" classname="sampleGitTest.SampleGitTest2"/>
</testsuite> <!-- sampleGitTest.SampleGitTest2 -->
